This is pdfTeX, Version 3.141592653-2.6-1.40.29 (MiKTeX 26.2) (preloaded format=pdflatex 2026.3.6)  26 MAY 2026 12:26
entering extended mode
 restricted \write18 enabled.
 %&-line parsing enabled.
**./relazione_DW_Olist.tex
(relazione_DW_Olist.tex
LaTeX2e <2025-11-01>
L3 programming layer <2026-01-19>
(C:\Program Files\MiKTeX2\tex/latex/base\article.cls
Document Class: article 2025/01/22 v1.4n Standard LaTeX document class
(C:\Program Files\MiKTeX2\tex/latex/base\size12.clo
File: size12.clo 2025/01/22 v1.4n Standard LaTeX file (size option)
)
\c@part=\count275
\c@section=\count276
\c@subsection=\count277
\c@subsubsection=\count278
\c@paragraph=\count279
\c@subparagraph=\count280
\c@figure=\count281
\c@table=\count282
\abovecaptionskip=\skip49
\belowcaptionskip=\skip50
\bibindent=\dimen148
)
(C:\Program Files\MiKTeX2\tex/latex/base\inputenc.sty
Package: inputenc 2024/02/08 v1.3d Input encoding file
\inpenc@prehook=\toks17
\inpenc@posthook=\toks18
)
(C:\Program Files\MiKTeX2\tex/latex/base\fontenc.sty
Package: fontenc 2025/07/18 v2.1d Standard LaTeX package
)
(C:\Program Files\MiKTeX2\tex/generic/babel\babel.sty
Package: babel 2026/02/14 v26.3 The multilingual framework for LuaLaTeX, pdfLaT
eX and XeLaTeX
\babel@savecnt=\count283
LaTeX Encoding Info:    Redeclaring text command \ij (encoding OT1) on input li
ne 2078.
LaTeX Encoding Info:    Redeclaring text command \IJ (encoding OT1) on input li
ne 2080.
LaTeX Encoding Info:    Redeclaring text command \ij (encoding T1) on input lin
e 2082.
LaTeX Encoding Info:    Redeclaring text command \IJ (encoding T1) on input lin
e 2083.
LaTeX Encoding Info:    Ignoring declaration for text command \ij (encoding ?) 
on input line 2084.
LaTeX Encoding Info:    Ignoring declaration for text command \IJ (encoding ?) 
on input line 2086.
LaTeX Encoding Info:    Ignoring declaration for text command \SS (encoding ?) 
on input line 2111.
\U@D=\dimen149
\l@unhyphenated=\language79

(C:\Program Files\MiKTeX2\tex/generic/babel\txtbabel.def)
\bbl@readstream=\read2
\bbl@dirlevel=\count284
Package babel Info: Configuration files are deprecated, as
(babel)             they can break document portability.
(babel)             Reported on input line 4206.

*************************************
* Local config file bblopts.cfg used
*
(C:\Program Files\MiKTeX2\tex/latex/arabi\bblopts.cfg
File: bblopts.cfg 2005/09/08 v0.1 add Arabic and Farsi to "declared" options of
 babel
)
(C:\Program Files\MiKTeX2\tex/generic/babel/locale/en\babel-english.tex)
Package babel Info: Importing font and identification data for english
(babel)             from babel-en.ini. Reported on input line 4330.

(C:\Program Files\MiKTeX2\tex/latex/babel-english\english.ldf
Language: english 2017/06/06 v3.3r English support from the babel system
Package babel Info: Hyphen rules for 'canadian' set to \l@english
(babel)             (\language0). Reported on input line 102.
Package babel Info: Hyphen rules for 'australian' set to \l@ukenglish
(babel)             (\language73). Reported on input line 105.
Package babel Info: Hyphen rules for 'newzealand' set to \l@ukenglish
(babel)             (\language73). Reported on input line 108.
))
(C:\Program Files\MiKTeX2\tex/latex/geometry\geometry.sty
Package: geometry 2020/01/02 v5.9 Page Geometry

(C:\Program Files\MiKTeX2\tex/latex/graphics\keyval.sty
Package: keyval 2022/05/29 v1.15 key=value parser (DPC)
\KV@toks@=\toks19
)
(C:\Program Files\MiKTeX2\tex/generic/iftex\ifvtex.sty
Package: ifvtex 2019/10/25 v1.7 ifvtex legacy package. Use iftex instead.

(C:\Program Files\MiKTeX2\tex/generic/iftex\iftex.sty
Package: iftex 2024/12/12 v1.0g TeX engine tests
))
\Gm@cnth=\count285
\Gm@cntv=\count286
\c@Gm@tempcnt=\count287
\Gm@bindingoffset=\dimen150
\Gm@wd@mp=\dimen151
\Gm@odd@mp=\dimen152
\Gm@even@mp=\dimen153
\Gm@layoutwidth=\dimen154
\Gm@layoutheight=\dimen155
\Gm@layouthoffset=\dimen156
\Gm@layoutvoffset=\dimen157
\Gm@dimlist=\toks20

(C:\Program Files\MiKTeX2\tex/latex/geometry\geometry.cfg))
(C:\Program Files\MiKTeX2\tex/latex/fancyhdr\fancyhdr.sty
Package: fancyhdr 2025/02/07 v5.2 Extensive control of page headers and footers

\f@nch@headwidth=\skip51
\f@nch@offset@elh=\skip52
\f@nch@offset@erh=\skip53
\f@nch@offset@olh=\skip54
\f@nch@offset@orh=\skip55
\f@nch@offset@elf=\skip56
\f@nch@offset@erf=\skip57
\f@nch@offset@olf=\skip58
\f@nch@offset@orf=\skip59
\f@nch@height=\skip60
\f@nch@footalignment=\skip61
\f@nch@widthL=\skip62
\f@nch@widthC=\skip63
\f@nch@widthR=\skip64
\@temptokenb=\toks21
)
(C:\Program Files\MiKTeX2\tex/latex/graphics\graphicx.sty
Package: graphicx 2024/12/31 v1.2e Enhanced LaTeX Graphics (DPC,SPQR)

(C:\Program Files\MiKTeX2\tex/latex/graphics\graphics.sty
Package: graphics 2024/08/06 v1.4g Standard LaTeX Graphics (DPC,SPQR)

(C:\Program Files\MiKTeX2\tex/latex/graphics\trig.sty
Package: trig 2023/12/02 v1.11 sin cos tan (DPC)
)
(C:\Program Files\MiKTeX2\tex/latex/graphics-cfg\graphics.cfg
File: graphics.cfg 2016/06/04 v1.11 sample graphics configuration
)
Package graphics Info: Driver file: pdftex.def on input line 106.

(C:\Program Files\MiKTeX2\tex/latex/graphics-def\pdftex.def
File: pdftex.def 2025/09/29 v1.2d Graphics/color driver for pdftex
))
\Gin@req@height=\dimen158
\Gin@req@width=\dimen159
)
(C:\Program Files\MiKTeX2\tex/latex/booktabs\booktabs.sty
Package: booktabs 2020/01/12 v1.61803398 Publication quality tables
\heavyrulewidth=\dimen160
\lightrulewidth=\dimen161
\cmidrulewidth=\dimen162
\belowrulesep=\dimen163
\belowbottomsep=\dimen164
\aboverulesep=\dimen165
\abovetopsep=\dimen166
\cmidrulesep=\dimen167
\cmidrulekern=\dimen168
\defaultaddspace=\dimen169
\@cmidla=\count288
\@cmidlb=\count289
\@aboverulesep=\dimen170
\@belowrulesep=\dimen171
\@thisruleclass=\count290
\@lastruleclass=\count291
\@thisrulewidth=\dimen172
)
(C:\Program Files\MiKTeX2\tex/latex/tools\array.sty
Package: array 2025/09/25 v2.6n Tabular extension package (FMi)
\col@sep=\dimen173
\ar@mcellbox=\box53
\extrarowheight=\dimen174
\NC@list=\toks22
\extratabsurround=\skip65
\backup@length=\skip66
\ar@cellbox=\box54
)
(C:\Program Files\MiKTeX2\tex/latex/float\float.sty
Package: float 2001/11/08 v1.3d Float enhancements (AL)
\c@float@type=\count292
\float@exts=\toks23
\float@box=\box55
\@float@everytoks=\toks24
\@floatcapt=\box56
)
(C:\Program Files\MiKTeX2\tex/latex/caption\caption.sty
Package: caption 2023/08/05 v3.6o Customizing captions (AR)

(C:\Program Files\MiKTeX2\tex/latex/caption\caption3.sty
Package: caption3 2023/07/31 v2.4d caption3 kernel (AR)
\caption@tempdima=\dimen175
\captionmargin=\dimen176
\caption@leftmargin=\dimen177
\caption@rightmargin=\dimen178
\caption@width=\dimen179
\caption@indent=\dimen180
\caption@parindent=\dimen181
\caption@hangindent=\dimen182
Package caption Info: Standard document class detected.
)
\c@caption@flags=\count293
\c@continuedfloat=\count294
Package caption Info: float package is loaded.
)
(C:\Program Files\MiKTeX2\tex/latex/caption\subcaption.sty
Package: subcaption 2023/07/28 v1.6b Sub-captions (AR)
Package caption Info: New subtype `subfigure' on input line 238.
\c@subfigure=\count295
Package caption Info: New subtype `subtable' on input line 238.
\c@subtable=\count296
)
(C:\Program Files\MiKTeX2\tex/latex/xcolor\xcolor.sty
Package: xcolor 2024/09/29 v3.02 LaTeX color extensions (UK)

(C:\Program Files\MiKTeX2\tex/latex/graphics-cfg\color.cfg
File: color.cfg 2016/01/02 v1.6 sample color configuration
)
Package xcolor Info: Driver file: pdftex.def on input line 274.

(C:\Program Files\MiKTeX2\tex/latex/graphics\mathcolor.ltx)
Package xcolor Info: Model `cmy' substituted by `cmy0' on input line 1349.
Package xcolor Info: Model `hsb' substituted by `rgb' on input line 1353.
Package xcolor Info: Model `RGB' extended on input line 1365.
Package xcolor Info: Model `HTML' substituted by `rgb' on input line 1367.
Package xcolor Info: Model `Hsb' substituted by `hsb' on input line 1368.
Package xcolor Info: Model `tHsb' substituted by `hsb' on input line 1369.
Package xcolor Info: Model `HSB' substituted by `hsb' on input line 1370.
Package xcolor Info: Model `Gray' substituted by `gray' on input line 1371.
Package xcolor Info: Model `wave' substituted by `hsb' on input line 1372.
)
(C:\Program Files\MiKTeX2\tex/latex/hyperref\hyperref.sty
Package: hyperref 2026-01-29 v7.01p Hypertext links for LaTeX

(C:\Program Files\MiKTeX2\tex/latex/kvsetkeys\kvsetkeys.sty
Package: kvsetkeys 2022-10-05 v1.19 Key value parser (HO)
)
(C:\Program Files\MiKTeX2\tex/generic/kvdefinekeys\kvdefinekeys.sty
Package: kvdefinekeys 2019-12-19 v1.6 Define keys (HO)
)
(C:\Program Files\MiKTeX2\tex/generic/pdfescape\pdfescape.sty
Package: pdfescape 2019/12/09 v1.15 Implements pdfTeX's escape features (HO)

(C:\Program Files\MiKTeX2\tex/generic/ltxcmds\ltxcmds.sty
Package: ltxcmds 2023-12-04 v1.26 LaTeX kernel commands for general use (HO)
)
(C:\Program Files\MiKTeX2\tex/generic/pdftexcmds\pdftexcmds.sty
Package: pdftexcmds 2020-06-27 v0.33 Utility functions of pdfTeX for LuaTeX (HO
)

(C:\Program Files\MiKTeX2\tex/generic/infwarerr\infwarerr.sty
Package: infwarerr 2019/12/03 v1.5 Providing info/warning/error messages (HO)
)
Package pdftexcmds Info: \pdf@primitive is available.
Package pdftexcmds Info: \pdf@ifprimitive is available.
Package pdftexcmds Info: \pdfdraftmode found.
))
(C:\Program Files\MiKTeX2\tex/latex/hycolor\hycolor.sty
Package: hycolor 2020-01-27 v1.10 Color options for hyperref/bookmark (HO)
)
(C:\Program Files\MiKTeX2\tex/latex/hyperref\nameref.sty
Package: nameref 2026-01-29 v2.58 Cross-referencing by name of section

(C:\Program Files\MiKTeX2\tex/latex/refcount\refcount.sty
Package: refcount 2019/12/15 v3.6 Data extraction from label references (HO)
)
(C:\Program Files\MiKTeX2\tex/generic/gettitlestring\gettitlestring.sty
Package: gettitlestring 2019/12/15 v1.6 Cleanup title references (HO)

(C:\Program Files\MiKTeX2\tex/latex/kvoptions\kvoptions.sty
Package: kvoptions 2022-06-15 v3.15 Key value format for package options (HO)
))
\c@section@level=\count297
)
(C:\Program Files\MiKTeX2\tex/latex/etoolbox\etoolbox.sty
Package: etoolbox 2025/10/02 v2.5m e-TeX tools for LaTeX (JAW)
\etb@tempcnta=\count298
)
(C:\Program Files\MiKTeX2\tex/generic/stringenc\stringenc.sty
Package: stringenc 2019/11/29 v1.12 Convert strings between diff. encodings (HO
)
)
\@linkdim=\dimen183
\Hy@linkcounter=\count299
\Hy@pagecounter=\count300

(C:\Program Files\MiKTeX2\tex/latex/hyperref\pd1enc.def
File: pd1enc.def 2026-01-29 v7.01p Hyperref: PDFDocEncoding definition (HO)
Now handling font encoding PD1 ...
... no UTF-8 mapping file for font encoding PD1
)
(C:\Program Files\MiKTeX2\tex/generic/intcalc\intcalc.sty
Package: intcalc 2019/12/15 v1.3 Expandable calculations with integers (HO)
)
\Hy@SavedSpaceFactor=\count301

(C:\Program Files\MiKTeX2\tex/latex/hyperref\puenc.def
File: puenc.def 2026-01-29 v7.01p Hyperref: PDF Unicode definition (HO)
Now handling font encoding PU ...
... no UTF-8 mapping file for font encoding PU
)
Package hyperref Info: Option `colorlinks' set `true' on input line 4072.
Package hyperref Info: Hyper figures OFF on input line 4201.
Package hyperref Info: Link nesting OFF on input line 4206.
Package hyperref Info: Hyper index ON on input line 4209.
Package hyperref Info: Plain pages OFF on input line 4216.
Package hyperref Info: Backreferencing OFF on input line 4221.
Package hyperref Info: Implicit mode ON; LaTeX internals redefined.
Package hyperref Info: Bookmarks ON on input line 4468.
\c@Hy@tempcnt=\count302

(C:\Program Files\MiKTeX2\tex/latex/url\url.sty
\Urlmuskip=\muskip17
Package: url 2013/09/16  ver 3.4  Verb mode for urls, etc.
)
LaTeX Info: Redefining \url on input line 4807.
\XeTeXLinkMargin=\dimen184

(C:\Program Files\MiKTeX2\tex/generic/bitset\bitset.sty
Package: bitset 2019/12/09 v1.3 Handle bit-vector datatype (HO)

(C:\Program Files\MiKTeX2\tex/generic/bigintcalc\bigintcalc.sty
Package: bigintcalc 2019/12/15 v1.5 Expandable calculations on big integers (HO
)
))
\Fld@menulength=\count303
\Field@Width=\dimen185
\Fld@charsize=\dimen186
Package hyperref Info: Hyper figures OFF on input line 6084.
Package hyperref Info: Link nesting OFF on input line 6089.
Package hyperref Info: Hyper index ON on input line 6092.
Package hyperref Info: backreferencing OFF on input line 6099.
Package hyperref Info: Link coloring ON on input line 6102.
Package hyperref Info: Link coloring with OCG OFF on input line 6109.
Package hyperref Info: PDF/A mode OFF on input line 6114.
\Hy@abspage=\count304
\c@Item=\count305
\c@Hfootnote=\count306
)
Package hyperref Info: Driver (autodetected): hpdftex.

(C:\Program Files\MiKTeX2\tex/latex/hyperref\hpdftex.def
File: hpdftex.def 2026-01-29 v7.01p Hyperref driver for pdfTeX
\Fld@listcount=\count307
\c@bookmark@seq@number=\count308

(C:\Program Files\MiKTeX2\tex/latex/rerunfilecheck\rerunfilecheck.sty
Package: rerunfilecheck 2025-06-21 v1.11 Rerun checks for auxiliary files (HO)

(C:\Program Files\MiKTeX2\tex/generic/uniquecounter\uniquecounter.sty
Package: uniquecounter 2019/12/15 v1.4 Provide unlimited unique counter (HO)
)
Package uniquecounter Info: New unique counter `rerunfilecheck' on input line 2
84.
)
\Hy@SectionHShift=\skip67
)
(C:\Program Files\MiKTeX2\tex/latex/amsmath\amsmath.sty
Package: amsmath 2025/07/09 v2.17z AMS math features
\@mathmargin=\skip68

For additional information on amsmath, use the `?' option.
(C:\Program Files\MiKTeX2\tex/latex/amsmath\amstext.sty
Package: amstext 2024/11/17 v2.01 AMS text

(C:\Program Files\MiKTeX2\tex/latex/amsmath\amsgen.sty
File: amsgen.sty 1999/11/30 v2.0 generic functions
\@emptytoks=\toks25
\ex@=\dimen187
))
(C:\Program Files\MiKTeX2\tex/latex/amsmath\amsbsy.sty
Package: amsbsy 1999/11/29 v1.2d Bold Symbols
\pmbraise@=\dimen188
)
(C:\Program Files\MiKTeX2\tex/latex/amsmath\amsopn.sty
Package: amsopn 2022/04/08 v2.04 operator names
)
\inf@bad=\count309
LaTeX Info: Redefining \frac on input line 233.
\uproot@=\count310
\leftroot@=\count311
LaTeX Info: Redefining \overline on input line 398.
LaTeX Info: Redefining \colon on input line 409.
\classnum@=\count312
\DOTSCASE@=\count313
LaTeX Info: Redefining \ldots on input line 495.
LaTeX Info: Redefining \dots on input line 498.
LaTeX Info: Redefining \cdots on input line 619.
\Mathstrutbox@=\box57
\strutbox@=\box58
LaTeX Info: Redefining \big on input line 721.
LaTeX Info: Redefining \Big on input line 722.
LaTeX Info: Redefining \bigg on input line 723.
LaTeX Info: Redefining \Bigg on input line 724.
\big@size=\dimen189
LaTeX Font Info:    Redeclaring font encoding OML on input line 742.
LaTeX Font Info:    Redeclaring font encoding OMS on input line 743.
\macc@depth=\count314
LaTeX Info: Redefining \bmod on input line 904.
LaTeX Info: Redefining \pmod on input line 909.
LaTeX Info: Redefining \smash on input line 939.
LaTeX Info: Redefining \relbar on input line 969.
LaTeX Info: Redefining \Relbar on input line 970.
\c@MaxMatrixCols=\count315
\dotsspace@=\muskip18
\c@parentequation=\count316
\dspbrk@lvl=\count317
\tag@help=\toks26
\row@=\count318
\column@=\count319
\maxfields@=\count320
\andhelp@=\toks27
\eqnshift@=\dimen190
\alignsep@=\dimen191
\tagshift@=\dimen192
\tagwidth@=\dimen193
\totwidth@=\dimen194
\lineht@=\dimen195
\@envbody=\toks28
\multlinegap=\skip69
\multlinetaggap=\skip70
\mathdisplay@stack=\toks29
LaTeX Info: Redefining \[ on input line 2950.
LaTeX Info: Redefining \] on input line 2951.
)
(C:\Program Files\MiKTeX2\tex/latex/listings\listings.sty
\lst@mode=\count321
\lst@gtempboxa=\box59
\lst@token=\toks30
\lst@length=\count322
\lst@currlwidth=\dimen196
\lst@column=\count323
\lst@pos=\count324
\lst@lostspace=\dimen197
\lst@width=\dimen198
\lst@newlines=\count325
\lst@lineno=\count326
\lst@maxwidth=\dimen199

(C:\Program Files\MiKTeX2\tex/latex/listings\lstpatch.sty
File: lstpatch.sty 2025/11/14 1.11b (Carsten Heinz)
)
(C:\Program Files\MiKTeX2\tex/latex/listings\lstmisc.sty
File: lstmisc.sty 2025/11/14 1.11b (Carsten Heinz)
\c@lstnumber=\count327
\lst@skipnumbers=\count328
\lst@framebox=\box60
)
(C:\Program Files\MiKTeX2\tex/latex/listings\listings.cfg
File: listings.cfg 2025/11/14 1.11b listings configuration
))
Package: listings 2025/11/14 1.11b (Carsten Heinz)

==> First Aid for listings.sty no longer applied!
    Expected:
        2024/09/23 1.10c (Carsten Heinz)
    but found:
        2025/11/14 1.11b (Carsten Heinz)
    so I'm assuming it got fixed.
(C:\Program Files\MiKTeX2\tex/latex/l3backend\l3backend-pdftex.def
File: l3backend-pdftex.def 2025-10-09 L3 backend support: PDF output (pdfTeX)
\l__color_backend_stack_int=\count329
)
(relazione_DW_Olist.aux)
\openout1 = `relazione_DW_Olist.aux'.

LaTeX Font Info:    Checking defaults for OML/cmm/m/it on input line 52.
LaTeX Font Info:    ... okay on input line 52.
LaTeX Font Info:    Checking defaults for OMS/cmsy/m/n on input line 52.
LaTeX Font Info:    ... okay on input line 52.
LaTeX Font Info:    Checking defaults for OT1/cmr/m/n on input line 52.
LaTeX Font Info:    ... okay on input line 52.
LaTeX Font Info:    Checking defaults for T1/cmr/m/n on input line 52.
LaTeX Font Info:    ... okay on input line 52.
LaTeX Font Info:    Checking defaults for TS1/cmr/m/n on input line 52.
LaTeX Font Info:    ... okay on input line 52.
LaTeX Font Info:    Checking defaults for OMX/cmex/m/n on input line 52.
LaTeX Font Info:    ... okay on input line 52.
LaTeX Font Info:    Checking defaults for U/cmr/m/n on input line 52.
LaTeX Font Info:    ... okay on input line 52.
LaTeX Font Info:    Checking defaults for PD1/pdf/m/n on input line 52.
LaTeX Font Info:    ... okay on input line 52.
LaTeX Font Info:    Checking defaults for PU/pdf/m/n on input line 52.
LaTeX Font Info:    ... okay on input line 52.

*geometry* driver: auto-detecting
*geometry* detected driver: pdftex
*geometry* verbose mode - [ preamble ] result:
* driver: pdftex
* paper: a4paper
* layout: <same size as paper>
* layoutoffset:(h,v)=(0.0pt,0.0pt)
* modes: 
* h-part:(L,W,R)=(71.13188pt, 455.24411pt, 71.13188pt)
* v-part:(T,H,B)=(71.13188pt, 702.78308pt, 71.13188pt)
* \paperwidth=597.50787pt
* \paperheight=845.04684pt
* \textwidth=455.24411pt
* \textheight=702.78308pt
* \oddsidemargin=-1.1381pt
* \evensidemargin=-1.1381pt
* \topmargin=-38.1381pt
* \headheight=14.5pt
* \headsep=25.0pt
* \topskip=12.0pt
* \footskip=30.0pt
* \marginparwidth=35.0pt
* \marginparsep=10.0pt
* \columnsep=10.0pt
* \skip\footins=10.8pt plus 4.0pt minus 2.0pt
* \hoffset=0.0pt
* \voffset=0.0pt
* \mag=1000
* \@twocolumnfalse
* \@twosidefalse
* \@mparswitchfalse
* \@reversemarginfalse
* (1in=72.27pt=25.4mm, 1cm=28.453pt)

(C:\Program Files\MiKTeX2\tex/context/base/mkii\supp-pdf.mkii
[Loading MPS to PDF converter (version 2006.09.02).]
\scratchcounter=\count330
\scratchdimen=\dimen256
\scratchbox=\box61
\nofMPsegments=\count331
\nofMParguments=\count332
\everyMPshowfont=\toks31
\MPscratchCnt=\count333
\MPscratchDim=\dimen257
\MPnumerator=\count334
\makeMPintoPDFobject=\count335
\everyMPtoPDFconversion=\toks32
) (C:\Program Files\MiKTeX2\tex/latex/epstopdf-pkg\epstopdf-base.sty
Package: epstopdf-base 2020-01-24 v2.11 Base part for package epstopdf
Package epstopdf-base Info: Redefining graphics rule for `.eps' on input line 4
85.

(C:\Program Files\MiKTeX2\tex/latex/00miktex\epstopdf-sys.cfg
File: epstopdf-sys.cfg 2021/03/18 v2.0 Configuration of epstopdf for MiKTeX
))
Package caption Info: Begin \AtBeginDocument code.
Package caption Info: hyperref package is loaded.
Package caption Info: listings package is loaded.
Package caption Info: End \AtBeginDocument code.
Package hyperref Info: Link coloring ON on input line 52.

(relazione_DW_Olist.out) (relazione_DW_Olist.out)
\@outlinefile=\write3
\openout3 = `relazione_DW_Olist.out'.

\c@lstlisting=\count336
 [1

{C:/Users/ecole/AppData/Local/MiKTeX/fonts/map/pdftex/pdftex.map}] (relazione_D
W_Olist.toc
pdfTeX warning (ext4): destination with the same identifier (name{page.1}) has 
been already used, duplicate ignored
<to be read again> 
                   \relax 
l.33 ...s} e delle dimensioni}{27}{subsection.6.2}
                                                  % [1])
\tf@toc=\write4
\openout4 = `relazione_DW_Olist.toc'.

 [2]
Overfull \hbox (73.5241pt too wide) in paragraph at lines 102--117
 [][] 
 []


Overfull \hbox (9.94907pt too wide) in paragraph at lines 129--131
[]\T1/cmr/m/n/12 Come varia la sod-dis-fazione dei cli-enti (pun-teg-gio re-cen
-sioni) per cat-e-go-ria di prodotto,
 []


Overfull \hbox (9.72287pt too wide) in paragraph at lines 136--141
[]\T1/cmr/m/n/12 Per rispon-dere ser-vono le seguenti \T1/cmr/bx/n/12 di-men-si
oni\T1/cmr/m/n/12 : Tempo (gior-naliera, fino all'anno), Prodotto
 []

[3

]
<er_schema_pieno.png, id=202, 1281.78876pt x 738.76pt>
File: er_schema_pieno.png Graphic file (type png)
<use er_schema_pieno.png>
Package pdftex.def Info: er_schema_pieno.png  used on input line 179.
(pdftex.def)             Requested size: 455.24411pt x 262.37999pt.
 [4]
Overfull \hbox (4.24484pt too wide) in paragraph at lines 201--206
[]\T1/cmr/bx/n/12 Products\T1/cmr/m/n/12 ($[]$, cat-e-gory_name, cat-e-gory_nam
e_english, name_length, de-
 []


Overfull \hbox (38.73482pt too wide) in paragraph at lines 215--218
[]\T1/cmr/bx/n/12 Order_Items\T1/cmr/m/n/12 ($[]$, prod-uct_id*, seller_id*, sh
ip-ping_limit_date,
 []

[5 <./er_schema_pieno.png>]
Overfull \hbox (36.08705pt too wide) in paragraph at lines 224--227
[]\T1/cmr/bx/n/12 Reviews\T1/cmr/m/n/12 ($[]$, or-der_id*, score, com-ment_titl
e, com-ment_message, cre-ation_date,
 []


Overfull \hbox (117.36327pt too wide) in paragraph at lines 240--245
\T1/cmr/m/n/12 Le op-er-azioni di pulizia sono state im-ple-men-tate in un note
-book Python (\T1/cmtt/m/n/12 olist_dw_cleaning_pipeline.ipynb\T1/cmr/m/n/12 ),

 []

[6]
<dq_plot_customers.png, id=226, 708.7278pt x 397.0032pt>
File: dq_plot_customers.png Graphic file (type png)
<use dq_plot_customers.png>
Package pdftex.def Info: dq_plot_customers.png  used on input line 342.
(pdftex.def)             Requested size: 409.71692pt x 229.50479pt.
 [7]
<dq_plot_sellers.png, id=233, 708.7278pt x 386.8854pt>
File: dq_plot_sellers.png Graphic file (type png)
<use dq_plot_sellers.png>
Package pdftex.def Info: dq_plot_sellers.png  used on input line 371.
(pdftex.def)             Requested size: 409.71692pt x 223.65576pt.
 [8 <./dq_plot_customers.png>]
Overfull \hbox (6.0501pt too wide) in paragraph at lines 376--380
\T1/cmr/m/n/12 ril-eva in-oltre il prob-lema di Con-sis-tency sulle \T1/cmr/m/i
t/12 vary-ing value rep-re-sen-ta-tions \T1/cmr/m/n/12 di \T1/cmtt/m/n/12 selle
r_city\T1/cmr/m/n/12 . 
 []

<dq_plot_geolocation.png, id=240, 708.7278pt x 402.303pt>
File: dq_plot_geolocation.png Graphic file (type png)
<use dq_plot_geolocation.png>
Package pdftex.def Info: dq_plot_geolocation.png  used on input line 391.
(pdftex.def)             Requested size: 409.71692pt x 232.56856pt.
[9 <./dq_plot_sellers.png>]
Overfull \hbox (6.41664pt too wide) in paragraph at lines 411--413
[]\T1/cmr/m/n/12 Aggregazione per \T1/cmtt/m/n/12 zip_code_prefix\T1/cmr/m/n/12
 : me-dia di lat/lng (cen-troide), moda di city/state. 
 []

<dq_plot_products.png, id=247, 708.7278pt x 400.3758pt>
File: dq_plot_products.png Graphic file (type png)
<use dq_plot_products.png>
Package pdftex.def Info: dq_plot_products.png  used on input line 421.
(pdftex.def)             Requested size: 409.71692pt x 231.45445pt.
[10 <./dq_plot_geolocation.png>]
Overfull \hbox (72.98378pt too wide) in paragraph at lines 426--429
\T1/cmr/m/n/12 Lo score-card mostra \T1/cmr/bx/n/12 Com-plete-ness \T1/cmr/m/n/
12 a 99,17%, dovuta a 610 val-ori man-canti in \T1/cmtt/m/n/12 product_category
_name
 []

[11 <./dq_plot_products.png>]
<dq_plot_orders.png, id=265, 708.7278pt x 410.9754pt>
File: dq_plot_orders.png Graphic file (type png)
<use dq_plot_orders.png>
Package pdftex.def Info: dq_plot_orders.png  used on input line 488.
(pdftex.def)             Requested size: 409.71692pt x 237.58202pt.

Overfull \hbox (93.00258pt too wide) in paragraph at lines 499--507
[]\T1/cmr/m/n/12 I val-ori nulli nelle colonne tem-po-rali (160 in \T1/cmtt/m/n
/12 order_approved_at\T1/cmr/m/n/12 , 1.783 in \T1/cmtt/m/n/12 order_delivered_
carrier_date\T1/cmr/m/n/12 ,
 []

[12 <./dq_plot_orders.png>]
Overfull \hbox (76.46205pt too wide) in paragraph at lines 515--518
[]\T1/cmr/m/n/12 Flag bi-nari \T1/cmtt/m/n/12 _approved_missing\T1/cmr/m/n/12 ,
 \T1/cmtt/m/n/12 _delivered_carrier_missing\T1/cmr/m/n/12 , \T1/cmtt/m/n/12 _de
livered_customer_missing
 []

<dq_plot_order_items.png, id=277, 708.7278pt x 381.1038pt>
File: dq_plot_order_items.png Graphic file (type png)
<use dq_plot_order_items.png>
Package pdftex.def Info: dq_plot_order_items.png  used on input line 538.
(pdftex.def)             Requested size: 409.71692pt x 220.31345pt.
[13 <./dq_plot_order_items.png>]
Overfull \hbox (53.9191pt too wide) in paragraph at lines 562--564
[]\T1/cmr/bx/n/12 Noisy data \T1/cmr/m/n/12 su \T1/cmtt/m/n/12 freight_value\T1
/cmr/m/n/12 : stessa metodolo-gia di \T1/cmtt/m/n/12 price\T1/cmr/m/n/12 . Flag
 \T1/cmtt/m/n/12 _freight_value_outlier\T1/cmr/m/n/12 .
 []

<cleaning_pipeline_results.png, id=289, 1149.5748pt x 588.7596pt>
File: cleaning_pipeline_results.png Graphic file (type png)
<use cleaning_pipeline_results.png>
Package pdftex.def Info: cleaning_pipeline_results.png  used on input line 568.

(pdftex.def)             Requested size: 455.24411pt x 233.1549pt.
<dq_plot_order_payments.png, id=290, 708.7278pt x 387.849pt>
File: dq_plot_order_payments.png Graphic file (type png)
<use dq_plot_order_payments.png>
Package pdftex.def Info: dq_plot_order_payments.png  used on input line 586.
(pdftex.def)             Requested size: 409.71692pt x 224.2128pt.
[14 <./cleaning_pipeline_results.png>]
Overfull \hbox (4.86848pt too wide) in paragraph at lines 591--597
\T1/cmtt/m/n/12 credit_card \T1/cmr/m/n/12 (76.795, 73,9%), \T1/cmtt/m/n/12 bol
eto \T1/cmr/m/n/12 (19.784, 19,0%), \T1/cmtt/m/n/12 voucher \T1/cmr/m/n/12 (5.7
75, 5,6%), \T1/cmtt/m/n/12 debit_card
 []

<dq_plot_order_reviews.png, id=300, 708.7278pt x 399.894pt>
File: dq_plot_order_reviews.png Graphic file (type png)
<use dq_plot_order_reviews.png>
Package pdftex.def Info: dq_plot_order_reviews.png  used on input line 619.
(pdftex.def)             Requested size: 409.71692pt x 231.17593pt.
[15 <./dq_plot_order_payments.png>]
Overfull \hbox (55.55338pt too wide) in paragraph at lines 628--633
\T1/cmr/m/n/12 ga-tori (\T1/cmtt/m/n/12 review_id\T1/cmr/m/n/12 , \T1/cmtt/m/n/
12 order_id\T1/cmr/m/n/12 , \T1/cmtt/m/n/12 review_score\T1/cmr/m/n/12 , \T1/cm
tt/m/n/12 review_creation_date\T1/cmr/m/n/12 , \T1/cmtt/m/n/12 review_answer_ti
mestamp\T1/cmr/m/n/12 )
 []

[16 <./dq_plot_order_reviews.png>]
Overfull \hbox (58.386pt too wide) in paragraph at lines 700--714
 [][] 
 []

[17]
<attribute_tree_pieno.png, id=325, 1181.41376pt x 538.01pt>
File: attribute_tree_pieno.png Graphic file (type png)
<use attribute_tree_pieno.png>
Package pdftex.def Info: attribute_tree_pieno.png  used on input line 759.
(pdftex.def)             Requested size: 455.24411pt x 207.31099pt.
 [18]
Overfull \hbox (21.04268pt too wide) in paragraph at lines 778--781
[]\T1/cmr/m/it/12 Eliminazione di \T1/cmtt/m/it/12 customer_unique_id\T1/cmr/m/
n/12 : a liv-ello di sin-golo or-der item, \T1/cmtt/m/n/12 customer_id
 []


Overfull \hbox (28.39781pt too wide) in paragraph at lines 799--806
[]\T1/cmr/m/it/12 Trattamento di \T1/cmtt/m/it/12 total_item_value \T1/cmr/m/it
/12 e \T1/cmtt/m/it/12 delivered_on_time\T1/cmr/m/n/12 : com-paiono nell'attrib
ute
 []

[19 <./attribute_tree_pieno.png>]
<dfm_schema_pieno.png, id=341, 1105.12875pt x 470.75874pt>
File: dfm_schema_pieno.png Graphic file (type png)
<use dfm_schema_pieno.png>
Package pdftex.def Info: dfm_schema_pieno.png  used on input line 854.
(pdftex.def)             Requested size: 386.96027pt x 164.83267pt.
 [20]
<star_schema_pieno.png, id=350, 1185.42876pt x 1105.12875pt>
File: star_schema_pieno.png Graphic file (type png)
<use star_schema_pieno.png>
Package pdftex.def Info: star_schema_pieno.png  used on input line 874.
(pdftex.def)             Requested size: 386.96027pt x 360.7477pt.
 [21 <./dfm_schema_pieno.png>]
Overfull \hbox (100.11195pt too wide) in paragraph at lines 884--886
[]\T1/cmr/bx/n/12 Roll-up\T1/cmr/m/n/12 : da giorno a mese, da trimestre ad ann
o, da cittŕ a stato, da \T1/cmtt/m/n/12 product_category_name_english
 []


Overfull \hbox (129.0981pt too wide) in paragraph at lines 898--920
 [][] 
 []

[22 <./star_schema_pieno.png>]
Overfull \hbox (27.28665pt too wide) in paragraph at lines 931--935
[]$[]$\T1/cmr/m/n/12 (date_id, date, year, quar-ter, month, month_name, week, d
ay, week-day, is_weekend) 
 []


Overfull \hbox (35.78564pt too wide) in paragraph at lines 937--946
\T1/cmr/m/n/12 prod-uct_name_lenght, prod-uct_description_lenght, prod-uct_phot
os_qty, prod-uct_weight_g,
 []


Overfull \hbox (32.71744pt too wide) in paragraph at lines 937--946
\T1/cmr/m/it/12 Gerarchia: \T1/cmtt/m/it/12 product_id $\OMS/cmsy/m/n/12 !$ \T1
/cmtt/m/it/12 product_category_name_english\T1/cmr/m/it/12 . Nota: il liv-ello 
\T1/cmtt/m/it/12 macro_category
 []


Overfull \hbox (33.64174pt too wide) in paragraph at lines 948--953
[]$[]$\T1/cmr/m/n/12 (customer_id, cus-tomer_unique_id, cus-tomer_zip_code_pref
ix, cus-tomer_city,
 []


Overfull \hbox (25.602pt too wide) in paragraph at lines 955--958
[]$[]$\T1/cmr/m/n/12 (seller_id, seller_zip_code_prefix, seller_city, seller_st
ate, seller_lat, seller_lng) 
 []

[23]
LaTeX Font Info:    Font shape `T1/cmtt/bx/n' in size <12> not available
(Font)              Font shape `T1/cmtt/m/n' tried instead on input line 977.
 [24] [25]
Overfull \hbox (24.28941pt too wide) in paragraph at lines 1017--1021
\T1/cmr/m/it/12 Trans-form, Load\T1/cmr/m/n/12 ), es-e-guito per costru-ire il 
database SQLite fi-nale \T1/cmtt/m/n/12 olist_dw.db\T1/cmr/m/n/12 . L'architett
ura
 []


Overfull \hbox (41.17775pt too wide) in paragraph at lines 1037--1039
[]\T1/cmr/bx/n/12 Extract\T1/cmr/m/n/12 : let-tura dei CSV puliti e cari-ca-men
to nel rec-on-ciled layer tramite \T1/cmtt/m/n/12 pandas.to_sql()
 []


Overfull \hbox (23.83516pt too wide) in paragraph at lines 1050--1053
[]\T1/cmtt/m/n/12 dim_customer \T1/cmr/m/n/12 e \T1/cmtt/m/n/12 dim_seller \T1/
cmr/m/n/12 sono ar-ric-chite con le co-or-di-nate ge-ografiche (\T1/cmtt/m/n/12
 lat\T1/cmr/m/n/12 /\T1/cmtt/m/n/12 lng\T1/cmr/m/n/12 )
 []

LaTeX Font Info:    Font shape `T1/cmtt/bx/n' in size <14.4> not available
(Font)              Font shape `T1/cmtt/m/n' tried instead on input line 1066.
[26]
Overfull \hbox (16.84616pt too wide) in paragraph at lines 1092--1099
[]\T1/cmtt/m/n/12 dim_customer \T1/cmr/m/n/12 e \T1/cmtt/m/n/12 dim_seller \T1/
cmr/m/n/12 ven-gono ar-ric-chite con le co-or-di-nate ge-ografiche (\T1/cmtt/m/
n/12 lat\T1/cmr/m/n/12 /\T1/cmtt/m/n/12 lng\T1/cmr/m/n/12 )
 []


Overfull \hbox (145.86467pt too wide) in paragraph at lines 1100--1105
[]\T1/cmtt/m/n/12 dim_date \T1/cmr/m/n/12 č gen-er-ata sin-teti-ca-mente: il co
dice es-trae le date dis-tinte da \T1/cmtt/m/n/12 rec_orders.order_purchase_tim
estamp
 []


Overfull \hbox (67.10596pt too wide) in paragraph at lines 1106--1111
[]\T1/cmtt/m/n/12 dim_payment_type \T1/cmr/m/n/12 č ri-ca-vata dai val-ori dis-
tinti di \T1/cmtt/m/n/12 payment_type \T1/cmr/m/n/12 pre-senti in \T1/cmtt/m/n/
12 rec_fact_payments\T1/cmr/m/n/12 ,
 []


Overfull \hbox (2.14035pt too wide) in paragraph at lines 1119--1131
 [][] 
 []

[27] [28] (relazione_DW_Olist.aux)
 ***********
LaTeX2e <2025-11-01>
L3 programming layer <2026-01-19>
 ***********
Package rerunfilecheck Info: File `relazione_DW_Olist.out' has not changed.
(rerunfilecheck)             Checksum: 1B5AF4F9E8B201965360171D41D51605;7279.
 ) 
Here is how much of TeX's memory you used:
 14962 strings out of 467867
 236439 string characters out of 5427921
 681087 words of memory out of 5000000
 43554 multiletter control sequences out of 15000+600000
 641570 words of font info for 68 fonts, out of 8000000 for 9000
 1141 hyphenation exceptions out of 8191
 75i,13n,79p,501b,626s stack positions out of 10000i,1000n,20000p,200000b,200000s
 <C:\Users\ecole\AppData\Local\MiKTeX\fonts/pk/ljfour/jknappen/ec/dpi600\ectt
1440.pk> <C:\Users\ecole\AppData\Local\MiKTeX\fonts/pk/ljfour/jknappen/ec/dpi60
0\tcrm1200.pk> <C:\Users\ecole\AppData\Local\MiKTeX\fonts/pk/ljfour/jknappen/ec
/dpi600\ecit1200.pk> <C:\Users\ecole\AppData\Local\MiKTeX\fonts/pk/ljfour/jknap
pen/ec/dpi600\ecti1200.pk> <C:\Users\ecole\AppData\Local\MiKTeX\fonts/pk/ljfour
/jknappen/ec/dpi600\ecbx1440.pk> <C:\Users\ecole\AppData\Local\MiKTeX\fonts/pk/
ljfour/jknappen/ec/dpi600\ecrm1200.pk> <C:\Users\ecole\AppData\Local\MiKTeX\fon
ts/pk/ljfour/jknappen/ec/dpi600\ecbx1200.pk> <C:\Users\ecole\AppData\Local\MiKT
eX\fonts/pk/ljfour/jknappen/ec/dpi600\ecbx1728.pk> <C:\Users\ecole\AppData\Loca
l\MiKTeX\fonts/pk/ljfour/jknappen/ec/dpi600\ecrm1095.pk> <C:\Users\ecole\AppDat
a\Local\MiKTeX\fonts/pk/ljfour/jknappen/ec/dpi600\ectt1200.pk> <C:\Users\ecole\
AppData\Local\MiKTeX\fonts/pk/ljfour/jknappen/ec/dpi600\ecrm1440.pk> <C:\Users\
ecole\AppData\Local\MiKTeX\fonts/pk/ljfour/jknappen/ec/dpi600\ecbx2074.pk><C:/P
rogram Files/MiKTeX2/fonts/type1/public/amsfonts/cm/cmmi12.pfb><C:/Program File
s/MiKTeX2/fonts/type1/public/amsfonts/cm/cmr12.pfb><C:/Program Files/MiKTeX2/fo
nts/type1/public/amsfonts/cm/cmr8.pfb><C:/Program Files/MiKTeX2/fonts/type1/pub
lic/amsfonts/cm/cmsy10.pfb>
Output written on relazione_DW_Olist.pdf (29 pages, 1155909 bytes).
PDF statistics:
 966 PDF objects out of 1000 (max. 8388607)
 119 named destinations out of 1000 (max. 500000)
 330 words of extra memory for PDF output out of 10000 (max. 10000000)

